[ 2025-06-06 12:40:03,999 ] 1025 httpx - INFO - HTTP Request: GET https://dagshub.com/api/v1/user "HTTP/1.1 200 OK"
[ 2025-06-06 12:40:04,010 ] 107 dagshub - INFO - Accessing as jatinydav557
[ 2025-06-06 12:40:05,310 ] 1025 httpx - INFO - HTTP Request: GET https://dagshub.com/api/v1/repos/jatinydav557/networksecurity "HTTP/1.1 200 OK"
[ 2025-06-06 12:40:06,044 ] 1025 httpx - INFO - HTTP Request: GET https://dagshub.com/api/v1/user "HTTP/1.1 200 OK"
[ 2025-06-06 12:40:06,044 ] 107 dagshub - INFO - Initialized MLflow to track repo "jatinydav557/networksecurity"
[ 2025-06-06 12:40:06,050 ] 107 dagshub - INFO - Repository jatinydav557/networksecurity initialized!
[ 2025-06-06 12:42:15,045 ] 34 root - INFO - Start data ingestion
[ 2025-06-06 12:42:19,546 ] 65 root - INFO - Performed train test split on the dataframe
[ 2025-06-06 12:42:19,547 ] 67 root - INFO - Exited split_data_as_train_test method of Data_Ingestion class
[ 2025-06-06 12:42:19,551 ] 75 root - INFO - Exporting train and test file path.
[ 2025-06-06 12:42:19,772 ] 84 root - INFO - Exported train and test file path.
[ 2025-06-06 12:42:19,774 ] 37 root - INFO - Data ingestion completed and artifact: DataIngestionArtifact(trained_file_path='Artifacts\\06_06_2025_12_39_58\\data_ingestion\\ingested\\train.csv', test_file_path='Artifacts\\06_06_2025_12_39_58\\data_ingestion\\ingested\\test.csv')
[ 2025-06-06 12:42:19,786 ] 49 root - INFO - Initiate the data Validation
[ 2025-06-06 12:42:19,957 ] 34 root - INFO - Required number of columns:2
[ 2025-06-06 12:42:19,957 ] 35 root - INFO - Data frame has columns:31
[ 2025-06-06 12:42:19,957 ] 34 root - INFO - Required number of columns:2
[ 2025-06-06 12:42:19,958 ] 35 root - INFO - Data frame has columns:31
[ 2025-06-06 12:42:20,342 ] 66 root - INFO - Entered initiate_data_transformation method of DataTransformation class
[ 2025-06-06 12:42:20,342 ] 68 root - INFO - Starting_data_transformation
[ 2025-06-06 12:42:20,418 ] 51 root - INFO - Entered get_data_trnasformer_object method of Trnasformation class
[ 2025-06-06 12:42:20,419 ] 56 root - INFO - Initialise KNNImputer with {'missing_values': nan, 'n_neighbors': 3, 'weights': 'uniform'}
[ 2025-06-06 12:42:20,494 ] 49 root - INFO - Entered the save_object method of MainUtils class
[ 2025-06-06 12:42:20,503 ] 53 root - INFO - Exited the save_object method of MainUtils class
[ 2025-06-06 12:42:20,503 ] 49 root - INFO - Entered the save_object method of MainUtils class
[ 2025-06-06 12:42:20,513 ] 53 root - INFO - Exited the save_object method of MainUtils class
[ 2025-06-06 12:47:49,839 ] 49 root - INFO - Entered the save_object method of MainUtils class
[ 2025-06-06 12:47:49,840 ] 53 root - INFO - Exited the save_object method of MainUtils class
[ 2025-06-06 12:47:49,841 ] 49 root - INFO - Entered the save_object method of MainUtils class
[ 2025-06-06 12:47:49,854 ] 53 root - INFO - Exited the save_object method of MainUtils class
[ 2025-06-06 12:47:49,854 ] 142 root - INFO - Model trainer artifact: ModelTrainerArtifact(trained_model_file_path='Artifacts\\06_06_2025_12_39_58\\model_trainer\\trained_model\\model.pkl', train_metric_artifact=ClassificationMetricArtifact(f1_score=0.9911702019689435, precision_score=0.9894630192502533, recall_score=0.9928832858885726), test_metric_artifact=ClassificationMetricArtifact(f1_score=0.9741727199354318, precision_score=0.9741727199354318, recall_score=0.9741727199354318))
[ 2025-06-06 12:48:25,353 ] 34 root - INFO - Start data ingestion
[ 2025-06-06 12:48:30,861 ] 65 root - INFO - Performed train test split on the dataframe
[ 2025-06-06 12:48:30,862 ] 67 root - INFO - Exited split_data_as_train_test method of Data_Ingestion class
[ 2025-06-06 12:48:30,862 ] 75 root - INFO - Exporting train and test file path.
[ 2025-06-06 12:48:30,992 ] 84 root - INFO - Exported train and test file path.
[ 2025-06-06 12:48:30,993 ] 37 root - INFO - Data ingestion completed and artifact: DataIngestionArtifact(trained_file_path='Artifacts\\06_06_2025_12_39_58\\data_ingestion\\ingested\\train.csv', test_file_path='Artifacts\\06_06_2025_12_39_58\\data_ingestion\\ingested\\test.csv')
[ 2025-06-06 12:48:31,001 ] 49 root - INFO - Initiate the data Validation
[ 2025-06-06 12:48:31,137 ] 34 root - INFO - Required number of columns:2
[ 2025-06-06 12:48:31,137 ] 35 root - INFO - Data frame has columns:31
[ 2025-06-06 12:48:31,137 ] 34 root - INFO - Required number of columns:2
[ 2025-06-06 12:48:31,137 ] 35 root - INFO - Data frame has columns:31
[ 2025-06-06 12:48:31,469 ] 66 root - INFO - Entered initiate_data_transformation method of DataTransformation class
[ 2025-06-06 12:48:31,469 ] 68 root - INFO - Starting_data_transformation
[ 2025-06-06 12:48:31,528 ] 51 root - INFO - Entered get_data_trnasformer_object method of Trnasformation class
[ 2025-06-06 12:48:31,528 ] 56 root - INFO - Initialise KNNImputer with {'missing_values': nan, 'n_neighbors': 3, 'weights': 'uniform'}
[ 2025-06-06 12:48:31,558 ] 49 root - INFO - Entered the save_object method of MainUtils class
[ 2025-06-06 12:48:31,567 ] 53 root - INFO - Exited the save_object method of MainUtils class
[ 2025-06-06 12:48:31,567 ] 49 root - INFO - Entered the save_object method of MainUtils class
[ 2025-06-06 12:48:31,574 ] 53 root - INFO - Exited the save_object method of MainUtils class
