[ 2025-06-06 12:18:05,418 ] 1025 httpx - INFO - HTTP Request: GET https://dagshub.com/api/v1/user "HTTP/1.1 200 OK"
[ 2025-06-06 12:18:05,429 ] 107 dagshub - INFO - Accessing as jatinydav557
[ 2025-06-06 12:18:06,181 ] 1025 httpx - INFO - HTTP Request: GET https://dagshub.com/api/v1/repos/jatinydav557/networksecurity "HTTP/1.1 200 OK"
[ 2025-06-06 12:18:06,891 ] 1025 httpx - INFO - HTTP Request: GET https://dagshub.com/api/v1/user "HTTP/1.1 200 OK"
[ 2025-06-06 12:18:06,896 ] 107 dagshub - INFO - Initialized MLflow to track repo "jatinydav557/networksecurity"
[ 2025-06-06 12:18:06,897 ] 107 dagshub - INFO - Repository jatinydav557/networksecurity initialized!
[ 2025-06-06 12:18:07,621 ] 34 root - INFO - Start data ingestion
[ 2025-06-06 12:18:12,066 ] 65 root - INFO - Performed train test split on the dataframe
[ 2025-06-06 12:18:12,066 ] 67 root - INFO - Exited split_data_as_train_test method of Data_Ingestion class
[ 2025-06-06 12:18:12,067 ] 75 root - INFO - Exporting train and test file path.
[ 2025-06-06 12:18:12,142 ] 84 root - INFO - Exported train and test file path.
[ 2025-06-06 12:18:12,143 ] 37 root - INFO - Data ingestion completed and artifact: DataIngestionArtifact(trained_file_path='Artifacts\\06_06_2025_12_17_59\\data_ingestion\\ingested\\train.csv', test_file_path='Artifacts\\06_06_2025_12_17_59\\data_ingestion\\ingested\\test.csv')
[ 2025-06-06 12:18:12,149 ] 49 root - INFO - Initiate the data Validation
[ 2025-06-06 12:18:12,288 ] 34 root - INFO - Required number of columns:2
[ 2025-06-06 12:18:12,289 ] 35 root - INFO - Data frame has columns:31
[ 2025-06-06 12:18:12,289 ] 34 root - INFO - Required number of columns:2
[ 2025-06-06 12:18:12,290 ] 35 root - INFO - Data frame has columns:31
[ 2025-06-06 12:18:12,503 ] 66 root - INFO - Entered initiate_data_transformation method of DataTransformation class
[ 2025-06-06 12:18:12,504 ] 68 root - INFO - Starting_data_transformation
[ 2025-06-06 12:18:12,538 ] 51 root - INFO - Entered get_data_trnasformer_object method of Trnasformation class
[ 2025-06-06 12:18:12,538 ] 56 root - INFO - Initialise KNNImputer with {'missing_values': nan, 'n_neighbors': 3, 'weights': 'uniform'}
[ 2025-06-06 12:18:12,556 ] 49 root - INFO - Entered the save_object method of MainUtils class
[ 2025-06-06 12:18:12,560 ] 53 root - INFO - Exited the save_object method of MainUtils class
[ 2025-06-06 12:18:12,560 ] 49 root - INFO - Entered the save_object method of MainUtils class
[ 2025-06-06 12:18:12,564 ] 53 root - INFO - Exited the save_object method of MainUtils class
[ 2025-06-06 12:24:03,717 ] 49 root - INFO - Entered the save_object method of MainUtils class
[ 2025-06-06 12:24:03,719 ] 53 root - INFO - Exited the save_object method of MainUtils class
[ 2025-06-06 12:24:03,720 ] 49 root - INFO - Entered the save_object method of MainUtils class
[ 2025-06-06 12:24:03,781 ] 53 root - INFO - Exited the save_object method of MainUtils class
[ 2025-06-06 12:24:03,782 ] 142 root - INFO - Model trainer artifact: ModelTrainerArtifact(trained_model_file_path='Artifacts\\06_06_2025_12_17_59\\model_trainer\\trained_model\\model.pkl', train_metric_artifact=ClassificationMetricArtifact(f1_score=0.9916987244381453, precision_score=0.9892950919006261, recall_score=0.9941140653541709), test_metric_artifact=ClassificationMetricArtifact(f1_score=0.973059911540008, precision_score=0.9626093874303898, recall_score=0.983739837398374))
