[ 2025-06-06 11:12:15,386 ] 1025 httpx - INFO - HTTP Request: GET https://dagshub.com/api/v1/user "HTTP/1.1 200 OK"
[ 2025-06-06 11:12:15,396 ] 107 dagshub - INFO - Accessing as jatinydav557
[ 2025-06-06 11:12:16,357 ] 1025 httpx - INFO - HTTP Request: GET https://dagshub.com/api/v1/repos/jatinydav557/networksecurity "HTTP/1.1 200 OK"
[ 2025-06-06 11:12:17,285 ] 1025 httpx - INFO - HTTP Request: GET https://dagshub.com/api/v1/user "HTTP/1.1 200 OK"
[ 2025-06-06 11:12:17,289 ] 107 dagshub - INFO - Initialized MLflow to track repo "jatinydav557/networksecurity"
[ 2025-06-06 11:12:17,289 ] 107 dagshub - INFO - Repository jatinydav557/networksecurity initialized!
[ 2025-06-06 11:12:17,317 ] 18 root - INFO - Initiate the data ingestion
[ 2025-06-06 11:12:25,128 ] 65 root - INFO - Performed train test split on the dataframe
[ 2025-06-06 11:12:25,128 ] 67 root - INFO - Exited split_data_as_train_test method of Data_Ingestion class
[ 2025-06-06 11:12:25,130 ] 75 root - INFO - Exporting train and test file path.
[ 2025-06-06 11:12:25,219 ] 84 root - INFO - Exported train and test file path.
[ 2025-06-06 11:12:25,219 ] 20 root - INFO - Data Initiation Completed
[ 2025-06-06 11:12:25,229 ] 24 root - INFO - Initiate the data Validation
[ 2025-06-06 11:12:25,337 ] 34 root - INFO - Required number of columns:2
[ 2025-06-06 11:12:25,337 ] 35 root - INFO - Data frame has columns:31
[ 2025-06-06 11:12:25,337 ] 34 root - INFO - Required number of columns:2
[ 2025-06-06 11:12:25,337 ] 35 root - INFO - Data frame has columns:31
[ 2025-06-06 11:12:25,518 ] 26 root - INFO - Data Validation Completed
[ 2025-06-06 11:12:25,518 ] 29 root - INFO - data Transformation started
[ 2025-06-06 11:12:25,518 ] 66 root - INFO - Entered initiate_data_transformation method of DataTransformation class
[ 2025-06-06 11:12:25,518 ] 68 root - INFO - Starting_data_transformation
[ 2025-06-06 11:12:25,563 ] 51 root - INFO - Entered get_data_trnasformer_object method of Trnasformation class
[ 2025-06-06 11:12:25,563 ] 56 root - INFO - Initialise KNNImputer with {'missing_values': nan, 'n_neighbors': 3, 'weights': 'uniform'}
[ 2025-06-06 11:12:25,611 ] 49 root - INFO - Entered the save_object method of MainUtils class
[ 2025-06-06 11:12:25,611 ] 53 root - INFO - Exited the save_object method of MainUtils class
[ 2025-06-06 11:12:25,611 ] 49 root - INFO - Entered the save_object method of MainUtils class
[ 2025-06-06 11:12:25,628 ] 53 root - INFO - Exited the save_object method of MainUtils class
[ 2025-06-06 11:12:25,628 ] 33 root - INFO - data Transformation completed
[ 2025-06-06 11:12:25,628 ] 35 root - INFO - Model Training stared
[ 2025-06-06 11:17:37,714 ] 49 root - INFO - Entered the save_object method of MainUtils class
[ 2025-06-06 11:17:37,719 ] 53 root - INFO - Exited the save_object method of MainUtils class
[ 2025-06-06 11:17:37,719 ] 49 root - INFO - Entered the save_object method of MainUtils class
[ 2025-06-06 11:17:37,769 ] 53 root - INFO - Exited the save_object method of MainUtils class
[ 2025-06-06 11:17:37,769 ] 142 root - INFO - Model trainer artifact: ModelTrainerArtifact(trained_model_file_path='Artifacts\\06_06_2025_11_12_04\\model_trainer\\trained_model\\model.pkl', train_metric_artifact=ClassificationMetricArtifact(f1_score=0.991560752414845, precision_score=0.9906542056074766, recall_score=0.9924689599023), test_metric_artifact=ClassificationMetricArtifact(f1_score=0.9720893141945773, precision_score=0.9643987341772152, recall_score=0.979903536977492))
[ 2025-06-06 11:17:37,772 ] 40 root - INFO - Model Training artifact created
